  maincpp.cpp
C:\SIO2\C++\ProjectSFML\ProjectSFML\maincpp.cpp(1,10): warning C4067: jetons inattendus après la directive du préprocesseur - saut de ligne attendu
C:\SIO2\C++\ProjectSFML\ProjectSFML\maincpp.cpp(30,22): warning C4305: 'initialisation' : troncation de 'double' à 'float'
C:\SIO2\C++\ProjectSFML\ProjectSFML\maincpp.cpp(40,23): warning C4244: '=' : conversion de 'float' en 'int', perte possible de données
C:\SIO2\C++\ProjectSFML\ProjectSFML\maincpp.cpp(106,57): warning C4244: 'argument' : conversion de 'int' en 'T', perte possible de données
          with
          [
              T=float
          ]
C:\SIO2\C++\ProjectSFML\ProjectSFML\maincpp.cpp(106,41): warning C4244: 'argument' : conversion de 'int' en 'T', perte possible de données
          with
          [
              T=float
          ]
C:\SIO2\C++\ProjectSFML\ProjectSFML\maincpp.cpp(107,48): warning C4244: 'argument' : conversion de 'int' en 'float', perte possible de données
C:\SIO2\C++\ProjectSFML\ProjectSFML\maincpp.cpp(107,29): warning C4244: 'argument' : conversion de 'int' en 'float', perte possible de données
C:\SIO2\C++\ProjectSFML\ProjectSFML\maincpp.cpp(109,58): warning C4244: 'argument' : conversion de 'int' en 'T', perte possible de données
          with
          [
              T=float
          ]
C:\SIO2\C++\ProjectSFML\ProjectSFML\maincpp.cpp(109,42): warning C4244: 'argument' : conversion de 'int' en 'T', perte possible de données
          with
          [
              T=float
          ]
C:\SIO2\C++\ProjectSFML\ProjectSFML\maincpp.cpp(110,50): warning C4244: 'argument' : conversion de 'int' en 'float', perte possible de données
C:\SIO2\C++\ProjectSFML\ProjectSFML\maincpp.cpp(110,30): warning C4244: 'argument' : conversion de 'int' en 'float', perte possible de données
C:\SIO2\C++\ProjectSFML\ProjectSFML\maincpp.cpp(127,49): warning C4244: 'argument' : conversion de 'int' en 'float', perte possible de données
C:\SIO2\C++\ProjectSFML\ProjectSFML\maincpp.cpp(127,30): warning C4244: 'argument' : conversion de 'int' en 'float', perte possible de données
C:\SIO2\C++\ProjectSFML\ProjectSFML\maincpp.cpp(128,51): warning C4244: 'argument' : conversion de 'int' en 'float', perte possible de données
C:\SIO2\C++\ProjectSFML\ProjectSFML\maincpp.cpp(128,31): warning C4244: 'argument' : conversion de 'int' en 'float', perte possible de données
  ProjectSFML.vcxproj -> C:\SIO2\C++\ProjectSFML\x64\Debug\ProjectSFML.exe
